21:05:02 INFO  : Registering command handlers for SDK TCF services
21:05:02 INFO  : Launching XSCT server: xsct.bat -interactive D:\PROJECT_XL\10_vdma_hdmi_out\temp_xsdb_launch_script.tcl
21:05:04 INFO  : XSCT server has started successfully.
21:05:04 INFO  : Successfully done setting XSCT server connection channel  
21:05:05 INFO  : Successfully done setting SDK workspace  
21:05:05 INFO  : Processing command line option -hwspec D:/PROJECT_XL/10_vdma_hdmi_out.
21:05:05 ERROR : Error occurred while creating hardware platform 10_vdma_hdmi_out_hw_platform_0 from sysdef
java.io.FileNotFoundException: D:\PROJECT_XL\10_vdma_hdmi_out (¾Ü¾ø·ÃÎÊ¡£)
	at java.io.FileInputStream.open0(Native Method)
	at java.io.FileInputStream.open(FileInputStream.java:195)
	at java.io.FileInputStream.<init>(FileInputStream.java:138)
	at java.io.FileInputStream.<init>(FileInputStream.java:93)
	at com.xilinx.sdk.hw.internal.HwProjectCreator.createHwProjectFromZip(HwProjectCreator.java:100)
	at com.xilinx.sdk.hw.HwProjectUtil.internalCreate(HwProjectUtil.java:266)
	at com.xilinx.sdk.hw.HwProjectUtil.makeNewHardwareProject(HwProjectUtil.java:210)
	at com.xilinx.sdk.hw.HwProjectUtil.makeNewHardwareProject(HwProjectUtil.java:197)
	at com.xilinx.sdk.hw.HwProjectUtil.makeNewHardwareProject(HwProjectUtil.java:171)
	at com.xilinx.sdk.startup.InitSDK.processHwSpecArgumentTask(InitSDK.java:517)
	at com.xilinx.sdk.startup.InitSDK.access$8(InitSDK.java:499)
	at com.xilinx.sdk.startup.InitSDK$12.run(InitSDK.java:450)
	at org.eclipse.core.internal.jobs.Worker.run(Worker.java:55)
21:05:05 ERROR : Unable to create Hardware Specification Project with specification file: D:/PROJECT_XL/10_vdma_hdmi_out
21:06:19 INFO  : Registering command handlers for SDK TCF services
21:06:19 INFO  : Launching XSCT server: xsct.bat -interactive D:\PROJECT_XL\10_vdma_hdmi_out\temp_xsdb_launch_script.tcl
21:06:21 INFO  : XSCT server has started successfully.
21:06:21 INFO  : Successfully done setting XSCT server connection channel  
21:06:22 INFO  : Processing command line option -hwspec D:/PROJECT_XL/10_vdma_hdmi_out.
21:06:22 INFO  : Successfully done setting SDK workspace  
21:06:22 ERROR : Error occurred while creating hardware platform 10_vdma_hdmi_out_hw_platform_1 from sysdef
java.io.FileNotFoundException: D:\PROJECT_XL\10_vdma_hdmi_out (¾Ü¾ø·ÃÎÊ¡£)
	at java.io.FileInputStream.open0(Native Method)
	at java.io.FileInputStream.open(FileInputStream.java:195)
	at java.io.FileInputStream.<init>(FileInputStream.java:138)
	at java.io.FileInputStream.<init>(FileInputStream.java:93)
	at com.xilinx.sdk.hw.internal.HwProjectCreator.createHwProjectFromZip(HwProjectCreator.java:100)
	at com.xilinx.sdk.hw.HwProjectUtil.internalCreate(HwProjectUtil.java:266)
	at com.xilinx.sdk.hw.HwProjectUtil.makeNewHardwareProject(HwProjectUtil.java:210)
	at com.xilinx.sdk.hw.HwProjectUtil.makeNewHardwareProject(HwProjectUtil.java:197)
	at com.xilinx.sdk.hw.HwProjectUtil.makeNewHardwareProject(HwProjectUtil.java:171)
	at com.xilinx.sdk.startup.InitSDK.processHwSpecArgumentTask(InitSDK.java:517)
	at com.xilinx.sdk.startup.InitSDK.access$8(InitSDK.java:499)
	at com.xilinx.sdk.startup.InitSDK$12.run(InitSDK.java:450)
	at org.eclipse.core.internal.jobs.Worker.run(Worker.java:55)
21:06:22 ERROR : Unable to create Hardware Specification Project with specification file: D:/PROJECT_XL/10_vdma_hdmi_out
21:08:23 INFO  : Registering command handlers for SDK TCF services
21:08:24 INFO  : Launching XSCT server: xsct.bat -interactive D:\PROJECT_XL\10_vdma_hdmi_out\temp_xsdb_launch_script.tcl
21:08:26 INFO  : XSCT server has started successfully.
21:08:26 INFO  : Successfully done setting XSCT server connection channel  
21:08:26 INFO  : Successfully done setting SDK workspace  
21:08:26 INFO  : Processing command line option -hwspec D:/PROJECT_XL/10_vdma_hdmi_out.
21:08:26 ERROR : Error occurred while creating hardware platform 10_vdma_hdmi_out_hw_platform_2 from sysdef
java.io.FileNotFoundException: D:\PROJECT_XL\10_vdma_hdmi_out (¾Ü¾ø·ÃÎÊ¡£)
	at java.io.FileInputStream.open0(Native Method)
	at java.io.FileInputStream.open(FileInputStream.java:195)
	at java.io.FileInputStream.<init>(FileInputStream.java:138)
	at java.io.FileInputStream.<init>(FileInputStream.java:93)
	at com.xilinx.sdk.hw.internal.HwProjectCreator.createHwProjectFromZip(HwProjectCreator.java:100)
	at com.xilinx.sdk.hw.HwProjectUtil.internalCreate(HwProjectUtil.java:266)
	at com.xilinx.sdk.hw.HwProjectUtil.makeNewHardwareProject(HwProjectUtil.java:210)
	at com.xilinx.sdk.hw.HwProjectUtil.makeNewHardwareProject(HwProjectUtil.java:197)
	at com.xilinx.sdk.hw.HwProjectUtil.makeNewHardwareProject(HwProjectUtil.java:171)
	at com.xilinx.sdk.startup.InitSDK.processHwSpecArgumentTask(InitSDK.java:517)
	at com.xilinx.sdk.startup.InitSDK.access$8(InitSDK.java:499)
	at com.xilinx.sdk.startup.InitSDK$12.run(InitSDK.java:450)
	at org.eclipse.core.internal.jobs.Worker.run(Worker.java:55)
21:08:26 ERROR : Unable to create Hardware Specification Project with specification file: D:/PROJECT_XL/10_vdma_hdmi_out
21:09:51 ERROR : The Hardware Project referenced by this BSP (vdma_hdmi_bsp) was not found in this workspace. As a result, this BSP will not build properly. To fix this error, please import the associated hardware project or recreate a new BSP targeting an existing hardware platform.
21:09:55 ERROR : Failed to openhw "D:/PROJECT_XL/10_vdma_hdmi_out _2/vdma_hdmi_out.sdk/design_1_wrapper_hw_platform_0/system.hdf"
Reason: wrong # args: should be "openhw <hw-proj | hdf-file>"
21:09:55 ERROR : Failed to openhw "D:/PROJECT_XL/10_vdma_hdmi_out _2/vdma_hdmi_out.sdk/design_1_wrapper_hw_platform_0/system.hdf"
Reason: wrong # args: should be "openhw <hw-proj | hdf-file>"
21:09:55 ERROR : Failed to openhw "D:/PROJECT_XL/10_vdma_hdmi_out _2/vdma_hdmi_out.sdk/design_1_wrapper_hw_platform_0/system.hdf"
Reason: wrong # args: should be "openhw <hw-proj | hdf-file>"
21:09:55 ERROR : Failed to openhw "D:/PROJECT_XL/10_vdma_hdmi_out _2/vdma_hdmi_out.sdk/design_1_wrapper_hw_platform_0/system.hdf"
Reason: wrong # args: should be "openhw <hw-proj | hdf-file>"
21:14:37 INFO  : Registering command handlers for SDK TCF services
21:14:38 INFO  : Launching XSCT server: xsct.bat -interactive D:\PROJECT_XL\10_vdma_hdmi_out\temp_xsdb_launch_script.tcl
21:14:40 INFO  : XSCT server has started successfully.
21:14:40 INFO  : Processing command line option -hwspec D:/PROJECT_XL/10_vdma_hdmi_out.
21:14:40 INFO  : Successfully done setting XSCT server connection channel  
21:14:40 INFO  : Successfully done setting SDK workspace  
21:14:40 ERROR : Error occurred while creating hardware platform 10_vdma_hdmi_out_hw_platform_0 from sysdef
java.io.FileNotFoundException: D:\PROJECT_XL\10_vdma_hdmi_out (¾Ü¾ø·ÃÎÊ¡£)
	at java.io.FileInputStream.open0(Native Method)
	at java.io.FileInputStream.open(FileInputStream.java:195)
	at java.io.FileInputStream.<init>(FileInputStream.java:138)
	at java.io.FileInputStream.<init>(FileInputStream.java:93)
	at com.xilinx.sdk.hw.internal.HwProjectCreator.createHwProjectFromZip(HwProjectCreator.java:100)
	at com.xilinx.sdk.hw.HwProjectUtil.internalCreate(HwProjectUtil.java:266)
	at com.xilinx.sdk.hw.HwProjectUtil.makeNewHardwareProject(HwProjectUtil.java:210)
	at com.xilinx.sdk.hw.HwProjectUtil.makeNewHardwareProject(HwProjectUtil.java:197)
	at com.xilinx.sdk.hw.HwProjectUtil.makeNewHardwareProject(HwProjectUtil.java:171)
	at com.xilinx.sdk.startup.InitSDK.processHwSpecArgumentTask(InitSDK.java:517)
	at com.xilinx.sdk.startup.InitSDK.access$8(InitSDK.java:499)
	at com.xilinx.sdk.startup.InitSDK$12.run(InitSDK.java:450)
	at org.eclipse.core.internal.jobs.Worker.run(Worker.java:55)
21:14:40 ERROR : Unable to create Hardware Specification Project with specification file: D:/PROJECT_XL/10_vdma_hdmi_out
21:21:04 INFO  : Registering command handlers for SDK TCF services
21:21:04 INFO  : Launching XSCT server: xsct.bat -interactive D:\PROJECT_XL\10_vdma_hdmi_out\temp_xsdb_launch_script.tcl
21:21:06 INFO  : XSCT server has started successfully.
21:21:06 INFO  : Successfully done setting XSCT server connection channel  
21:21:06 INFO  : Processing command line option -hwspec D:/PROJECT_XL/10_vdma_hdmi_out.
21:21:06 INFO  : Successfully done setting SDK workspace  
21:21:06 ERROR : Error occurred while creating hardware platform 10_vdma_hdmi_out_hw_platform_1 from sysdef
java.io.FileNotFoundException: D:\PROJECT_XL\10_vdma_hdmi_out (¾Ü¾ø·ÃÎÊ¡£)
	at java.io.FileInputStream.open0(Native Method)
	at java.io.FileInputStream.open(FileInputStream.java:195)
	at java.io.FileInputStream.<init>(FileInputStream.java:138)
	at java.io.FileInputStream.<init>(FileInputStream.java:93)
	at com.xilinx.sdk.hw.internal.HwProjectCreator.createHwProjectFromZip(HwProjectCreator.java:100)
	at com.xilinx.sdk.hw.HwProjectUtil.internalCreate(HwProjectUtil.java:266)
	at com.xilinx.sdk.hw.HwProjectUtil.makeNewHardwareProject(HwProjectUtil.java:210)
	at com.xilinx.sdk.hw.HwProjectUtil.makeNewHardwareProject(HwProjectUtil.java:197)
	at com.xilinx.sdk.hw.HwProjectUtil.makeNewHardwareProject(HwProjectUtil.java:171)
	at com.xilinx.sdk.startup.InitSDK.processHwSpecArgumentTask(InitSDK.java:517)
	at com.xilinx.sdk.startup.InitSDK.access$8(InitSDK.java:499)
	at com.xilinx.sdk.startup.InitSDK$12.run(InitSDK.java:450)
	at org.eclipse.core.internal.jobs.Worker.run(Worker.java:55)
21:21:06 ERROR : Unable to create Hardware Specification Project with specification file: D:/PROJECT_XL/10_vdma_hdmi_out
21:22:40 INFO  : Registering command handlers for SDK TCF services
21:22:41 INFO  : Launching XSCT server: xsct.bat -interactive D:\PROJECT_XL\10_vdma_hdmi_out\temp_xsdb_launch_script.tcl
21:22:43 INFO  : XSCT server has started successfully.
21:22:43 INFO  : Successfully done setting XSCT server connection channel  
21:22:43 INFO  : Successfully done setting SDK workspace  
21:22:43 INFO  : Processing command line option -hwspec D:/PROJECT_XL/10_vdma_hdmi_out.
21:22:43 ERROR : Error occurred while creating hardware platform 10_vdma_hdmi_out_hw_platform_2 from sysdef
java.io.FileNotFoundException: D:\PROJECT_XL\10_vdma_hdmi_out (¾Ü¾ø·ÃÎÊ¡£)
	at java.io.FileInputStream.open0(Native Method)
	at java.io.FileInputStream.open(FileInputStream.java:195)
	at java.io.FileInputStream.<init>(FileInputStream.java:138)
	at java.io.FileInputStream.<init>(FileInputStream.java:93)
	at com.xilinx.sdk.hw.internal.HwProjectCreator.createHwProjectFromZip(HwProjectCreator.java:100)
	at com.xilinx.sdk.hw.HwProjectUtil.internalCreate(HwProjectUtil.java:266)
	at com.xilinx.sdk.hw.HwProjectUtil.makeNewHardwareProject(HwProjectUtil.java:210)
	at com.xilinx.sdk.hw.HwProjectUtil.makeNewHardwareProject(HwProjectUtil.java:197)
	at com.xilinx.sdk.hw.HwProjectUtil.makeNewHardwareProject(HwProjectUtil.java:171)
	at com.xilinx.sdk.startup.InitSDK.processHwSpecArgumentTask(InitSDK.java:517)
	at com.xilinx.sdk.startup.InitSDK.access$8(InitSDK.java:499)
	at com.xilinx.sdk.startup.InitSDK$12.run(InitSDK.java:450)
	at org.eclipse.core.internal.jobs.Worker.run(Worker.java:55)
21:22:43 ERROR : Unable to create Hardware Specification Project with specification file: D:/PROJECT_XL/10_vdma_hdmi_out
21:23:50 INFO  : Registering command handlers for SDK TCF services
21:23:51 INFO  : Launching XSCT server: xsct.bat -interactive D:\PROJECT_XL\10_vdma_hdmi_out\temp_xsdb_launch_script.tcl
21:23:53 INFO  : XSCT server has started successfully.
21:23:53 INFO  : Successfully done setting XSCT server connection channel  
21:23:53 INFO  : Successfully done setting SDK workspace  
21:23:53 INFO  : Processing command line option -hwspec D:/PROJECT_XL/10_vdma_hdmi_out.
21:23:53 ERROR : Error occurred while creating hardware platform 10_vdma_hdmi_out_hw_platform_0 from sysdef
java.io.FileNotFoundException: D:\PROJECT_XL\10_vdma_hdmi_out (¾Ü¾ø·ÃÎÊ¡£)
	at java.io.FileInputStream.open0(Native Method)
	at java.io.FileInputStream.open(FileInputStream.java:195)
	at java.io.FileInputStream.<init>(FileInputStream.java:138)
	at java.io.FileInputStream.<init>(FileInputStream.java:93)
	at com.xilinx.sdk.hw.internal.HwProjectCreator.createHwProjectFromZip(HwProjectCreator.java:100)
	at com.xilinx.sdk.hw.HwProjectUtil.internalCreate(HwProjectUtil.java:266)
	at com.xilinx.sdk.hw.HwProjectUtil.makeNewHardwareProject(HwProjectUtil.java:210)
	at com.xilinx.sdk.hw.HwProjectUtil.makeNewHardwareProject(HwProjectUtil.java:197)
	at com.xilinx.sdk.hw.HwProjectUtil.makeNewHardwareProject(HwProjectUtil.java:171)
	at com.xilinx.sdk.startup.InitSDK.processHwSpecArgumentTask(InitSDK.java:517)
	at com.xilinx.sdk.startup.InitSDK.access$8(InitSDK.java:499)
	at com.xilinx.sdk.startup.InitSDK$12.run(InitSDK.java:450)
	at org.eclipse.core.internal.jobs.Worker.run(Worker.java:55)
21:23:53 ERROR : Unable to create Hardware Specification Project with specification file: D:/PROJECT_XL/10_vdma_hdmi_out
21:26:53 ERROR : Failed to call write_mss 
Reason: unexpected arguments: _2/vdma_hdmi_bsp -processor ps7_cortexa9_0 -os standalone -app hello_world
21:26:56 ERROR : The Hardware Project referenced by this BSP (vdma_hdmi_bsp) was not found in this workspace. As a result, this BSP will not build properly. To fix this error, please import the associated hardware project or recreate a new BSP targeting an existing hardware platform.
21:27:58 INFO  : Launching XSCT server: xsct.bat -interactive D:\PROJECT_XL\10_vdma_hdmi_out\temp_xsdb_launch_script.tcl
21:28:00 INFO  : XSCT server has started successfully.
21:28:00 INFO  : Successfully done setting XSCT server connection channel  
21:28:02 INFO  : Successfully done setting SDK workspace  
21:28:04 INFO  : Registering command handlers for SDK TCF services
21:28:04 INFO  : Processing command line option -hwspec D:/PROJECT_XL/10_vdma_hdmi_out.
21:28:05 ERROR : Error occurred while creating hardware platform 10_vdma_hdmi_out_hw_platform_1 from sysdef
java.io.FileNotFoundException: D:\PROJECT_XL\10_vdma_hdmi_out (¾Ü¾ø·ÃÎÊ¡£)
	at java.io.FileInputStream.open0(Native Method)
	at java.io.FileInputStream.open(FileInputStream.java:195)
	at java.io.FileInputStream.<init>(FileInputStream.java:138)
	at java.io.FileInputStream.<init>(FileInputStream.java:93)
	at com.xilinx.sdk.hw.internal.HwProjectCreator.createHwProjectFromZip(HwProjectCreator.java:100)
	at com.xilinx.sdk.hw.HwProjectUtil.internalCreate(HwProjectUtil.java:266)
	at com.xilinx.sdk.hw.HwProjectUtil.makeNewHardwareProject(HwProjectUtil.java:210)
	at com.xilinx.sdk.hw.HwProjectUtil.makeNewHardwareProject(HwProjectUtil.java:197)
	at com.xilinx.sdk.hw.HwProjectUtil.makeNewHardwareProject(HwProjectUtil.java:171)
	at com.xilinx.sdk.startup.InitSDK.processHwSpecArgumentTask(InitSDK.java:517)
	at com.xilinx.sdk.startup.InitSDK.access$8(InitSDK.java:499)
	at com.xilinx.sdk.startup.InitSDK$12.run(InitSDK.java:450)
	at org.eclipse.core.internal.jobs.Worker.run(Worker.java:55)
21:28:05 ERROR : Unable to create Hardware Specification Project with specification file: D:/PROJECT_XL/10_vdma_hdmi_out
21:29:21 ERROR : Failed to call write_mss 
Reason: unexpected arguments: _2/vdma_hdmi_2_bsp -processor ps7_cortexa9_0 -os standalone -app empty_application
21:29:23 ERROR : The Hardware Project referenced by this BSP (vdma_hdmi_2_bsp) was not found in this workspace. As a result, this BSP will not build properly. To fix this error, please import the associated hardware project or recreate a new BSP targeting an existing hardware platform.
