23:24:39 INFO  : Registering command handlers for SDK TCF services
23:24:39 INFO  : Launching XSCT server: xsct.bat -interactive D:\PROJECT_XL\final\vdma_hdmi_out.sdk\temp_xsdb_launch_script.tcl
23:24:41 INFO  : XSCT server has started successfully.
23:24:41 INFO  : Successfully done setting XSCT server connection channel  
23:24:42 INFO  : Successfully done setting SDK workspace  
23:24:42 INFO  : Processing command line option -hwspec D:/PROJECT_XL/final/vdma_hdmi_out.sdk/design_1_wrapper.hdf.
23:28:17 INFO  : Connected to target on host '127.0.0.1' and port '3121'.
23:28:18 INFO  : Jtag cable 'Digilent JTAG-HS1 210512180081' is selected.
23:28:18 INFO  : 'jtag frequency' command is executed.
23:28:18 INFO  : Sourcing of 'D:/PROJECT_XL/final/vdma_hdmi_out.sdk/design_1_wrapper_hw_platform_0/ps7_init.tcl' is done.
23:28:18 INFO  : Context for 'APU' is selected.
23:28:18 INFO  : System reset is completed.
23:28:21 INFO  : 'after 3000' command is executed.
23:28:21 INFO  : 'targets -set -filter {jtag_cable_name =~ "Digilent JTAG-HS1 210512180081" && level==0} -index 1' command is executed.
23:28:24 INFO  : FPGA configured successfully with bitstream "D:/PROJECT_XL/final/vdma_hdmi_out.runs/impl_1/design_1_wrapper.bit"
23:28:25 INFO  : Context for 'APU' is selected.
23:28:25 INFO  : Hardware design information is loaded from 'D:/PROJECT_XL/final/vdma_hdmi_out.sdk/design_1_wrapper_hw_platform_0/system.hdf'.
23:28:25 INFO  : 'configparams force-mem-access 1' command is executed.
23:28:25 INFO  : Context for 'APU' is selected.
23:28:25 INFO  : 'ps7_init' command is executed.
23:28:25 INFO  : 'ps7_post_config' command is executed.
23:28:25 INFO  : Context for processor 'ps7_cortexa9_0' is selected.
23:28:29 INFO  : The application 'D:/PROJECT_XL/final/vdma_hdmi_out.sdk/vdma_hdmi/Debug/vdma_hdmi.elf' is downloaded to processor 'ps7_cortexa9_0'.
23:28:29 INFO  : 'configparams force-mem-access 0' command is executed.
23:28:29 INFO  : ----------------XSDB Script----------------
connect -url tcp:127.0.0.1:3121
source D:/PROJECT_XL/final/vdma_hdmi_out.sdk/design_1_wrapper_hw_platform_0/ps7_init.tcl
targets -set -nocase -filter {name =~"APU*" && jtag_cable_name =~ "Digilent JTAG-HS1 210512180081"} -index 0
rst -system
after 3000
targets -set -filter {jtag_cable_name =~ "Digilent JTAG-HS1 210512180081" && level==0} -index 1
fpga -file D:/PROJECT_XL/final/vdma_hdmi_out.runs/impl_1/design_1_wrapper.bit
targets -set -nocase -filter {name =~"APU*" && jtag_cable_name =~ "Digilent JTAG-HS1 210512180081"} -index 0
loadhw -hw D:/PROJECT_XL/final/vdma_hdmi_out.sdk/design_1_wrapper_hw_platform_0/system.hdf -mem-ranges [list {0x40000000 0xbfffffff}]
configparams force-mem-access 1
targets -set -nocase -filter {name =~"APU*" && jtag_cable_name =~ "Digilent JTAG-HS1 210512180081"} -index 0
ps7_init
ps7_post_config
targets -set -nocase -filter {name =~ "ARM*#0" && jtag_cable_name =~ "Digilent JTAG-HS1 210512180081"} -index 0
dow D:/PROJECT_XL/final/vdma_hdmi_out.sdk/vdma_hdmi/Debug/vdma_hdmi.elf
configparams force-mem-access 0
----------------End of Script----------------

23:28:30 INFO  : Memory regions updated for context APU
23:28:30 INFO  : Context for processor 'ps7_cortexa9_0' is selected.
23:28:30 INFO  : 'con' command is executed.
23:28:30 INFO  : ----------------XSDB Script (After Launch)----------------
targets -set -nocase -filter {name =~ "ARM*#0" && jtag_cable_name =~ "Digilent JTAG-HS1 210512180081"} -index 0
con
----------------End of Script----------------

23:28:30 INFO  : Launch script is exported to file 'D:\PROJECT_XL\final\vdma_hdmi_out.sdk\.sdk\launch_scripts\xilinx_c-c++_application_(system_debugger)\system_debugger_using_debug_vdma_hdmi.elf_on_local.tcl'
23:28:52 INFO  : Disconnected from the channel tcfchan#1.
